This file contains any messages produced by compilers while
running configure, to aid debugging if configure makes a mistake.

It was created by tokyocabinet configure 1.4.26, which was
generated by GNU Autoconf 2.61.  Invocation command line was

  $ ./configure 

## --------- ##
## Platform. ##
## --------- ##

hostname = Dagron
uname -m = i686
uname -r = 1.5.25(0.156/4/2)
uname -s = CYGWIN_NT-6.0
uname -v = 2008-06-12 19:34

/usr/bin/uname -p = unknown
/bin/uname -X     = unknown

/bin/arch              = i686
/usr/bin/arch -k       = unknown
/usr/convex/getsysinfo = unknown
/usr/bin/hostinfo      = unknown
/bin/machine           = unknown
/usr/bin/oslevel       = unknown
/bin/universe          = unknown

PATH: /usr/local/bin
PATH: /usr/bin
PATH: /bin
PATH: /usr/X11R6/bin
PATH: /cygdrive/c/Users/Balint Seeber/Documents/Visual Studio 2005/Projects/_SDK/DirectX/Utilities/Bin/x86
PATH: /cygdrive/c/Windows/system32
PATH: /cygdrive/c/Windows
PATH: /cygdrive/c/Windows/System32/Wbem
PATH: /cygdrive/c/Users/Balint Seeber/Documents/Visual Studio 2005/Projects/_SDK/Cg/bin
PATH: /cygdrive/c/Program Files/Programming/CVSNT
PATH: /cygdrive/c/Program Files/Programming/TortoiseSVN/bin
PATH: /cygdrive/c/Windows/System32/WindowsPowerShell/v1.0/
PATH: /cygdrive/c/Program Files/QuickTime/QTSystem/
PATH: /usr/bin
PATH: /cygdrive/c/Users/Balint Seeber/Documents/Visual Studio 2005/Projects/_SDK/Cg/bin
PATH: /cygdrive/c/Users/Balint Seeber/Documents/Visual Studio 2005/Projects/TehLib/dll
PATH: /cygdrive/c/Users/Balint Seeber/Documents/Visual Studio 2005/Projects/_SDK/OpenCV/bin
PATH: /cygdrive/c/Users/Balint Seeber/Documents/Visual Studio 2005/Projects/_SDK/ODE/trunk/lib/debugdll
PATH: /cygdrive/c/Users/Balint Seeber/Documents/Visual Studio 2005/Projects/_SDK/ODE/trunk/lib/releasedll
PATH: /cygdrive/c/Users/Balint Seeber/Documents/Visual Studio 2005/Projects/_SDK/libpthread/lib
PATH: /cygdrive/c/Program Files/Programming/GnuWin32/bin
PATH: /cygdrive/c/Users/Balint Seeber/Documents/Visual Studio 2005/Projects/_SDK/zlib
PATH: /cygdrive/c/Program Files/Programming/FSharp/bin
PATH: /cygdrive/c/Users/Balint Seeber/Documents/Visual Studio 2005/Projects/_SDK/fftw


## ----------- ##
## Core tests. ##
## ----------- ##

configure:2040: checking for gcc
configure:2056: found /usr/bin/gcc
configure:2067: result: gcc
configure:2305: checking for C compiler version
configure:2312: gcc --version >&5
gcc (GCC) 3.4.4 (cygming special, gdc 0.12, using dmd 0.125)
Copyright (C) 2004 Free Software Foundation, Inc.
This is free software; see the source for copying conditions.  There is NO
warranty; not even for MERCHANTABILITY or FITNESS FOR A PARTICULAR PURPOSE.

configure:2315: $? = 0
configure:2322: gcc -v >&5
Reading specs from /usr/lib/gcc/i686-pc-cygwin/3.4.4/specs
Configured with: /managed/gcc-build/final-v3-bootstrap/gcc-3.4.4-999/configure --verbose --program-suffix=-3 --prefix=/usr --exec-prefix=/usr --sysconfdir=/etc --libdir=/usr/lib --libexecdir=/usr/lib --mandir=/usr/share/man --infodir=/usr/share/info --enable-languages=c,ada,c++,d,f77,pascal,java,objc --enable-nls --without-included-gettext --enable-version-specific-runtime-libs --without-x --enable-libgcj --disable-java-awt --with-system-zlib --enable-interpreter --disable-libgcj-debug --enable-threads=posix --enable-java-gc=boehm --disable-win32-registry --enable-sjlj-exceptions --enable-hash-synchronization --enable-libstdcxx-debug
Thread model: posix
gcc version 3.4.4 (cygming special, gdc 0.12, using dmd 0.125)
configure:2325: $? = 0
configure:2332: gcc -V >&5
gcc: `-V' option must have argument
configure:2335: $? = 1
configure:2358: checking for C compiler default output file name
configure:2385: gcc    conftest.c  >&5
configure:2388: $? = 0
configure:2426: result: a.exe
configure:2443: checking whether the C compiler works
configure:2453: ./a.exe
configure:2456: $? = 0
configure:2473: result: yes
configure:2480: checking whether we are cross compiling
configure:2482: result: no
configure:2485: checking for suffix of executables
configure:2492: gcc -o conftest.exe    conftest.c  >&5
configure:2495: $? = 0
configure:2519: result: .exe
configure:2525: checking for suffix of object files
configure:2551: gcc -c   conftest.c >&5
configure:2554: $? = 0
configure:2577: result: o
configure:2581: checking whether we are using the GNU C compiler
configure:2610: gcc -c   conftest.c >&5
configure:2616: $? = 0
configure:2633: result: yes
configure:2638: checking whether gcc accepts -g
configure:2668: gcc -c -g  conftest.c >&5
configure:2674: $? = 0
configure:2773: result: yes
configure:2790: checking for gcc option to accept ISO C89
configure:2864: gcc  -c -g -O2  conftest.c >&5
configure:2870: $? = 0
configure:2893: result: none needed
configure:2930: checking how to run the C preprocessor
configure:2970: gcc -E  conftest.c
configure:2976: $? = 0
configure:3007: gcc -E  conftest.c
conftest.c:8:28: ac_nonexistent.h: No such file or directory
configure:3013: $? = 1
configure: failed program was:
| /* confdefs.h.  */
| #define PACKAGE_NAME "tokyocabinet"
| #define PACKAGE_TARNAME "tokyocabinet"
| #define PACKAGE_VERSION "1.4.26"
| #define PACKAGE_STRING "tokyocabinet 1.4.26"
| #define PACKAGE_BUGREPORT ""
| /* end confdefs.h.  */
| #include <ac_nonexistent.h>
configure:3046: result: gcc -E
configure:3075: gcc -E  conftest.c
configure:3081: $? = 0
configure:3112: gcc -E  conftest.c
conftest.c:8:28: ac_nonexistent.h: No such file or directory
configure:3118: $? = 1
configure: failed program was:
| /* confdefs.h.  */
| #define PACKAGE_NAME "tokyocabinet"
| #define PACKAGE_TARNAME "tokyocabinet"
| #define PACKAGE_VERSION "1.4.26"
| #define PACKAGE_STRING "tokyocabinet 1.4.26"
| #define PACKAGE_BUGREPORT ""
| /* end confdefs.h.  */
| #include <ac_nonexistent.h>
configure:3156: checking for grep that handles long lines and -e
configure:3230: result: /usr/bin/grep
configure:3235: checking for egrep
configure:3313: result: /usr/bin/grep -E
configure:3318: checking for ANSI C header files
configure:3348: gcc -c -g -O2  conftest.c >&5
configure:3354: $? = 0
configure:3453: gcc -o conftest.exe -g -O2   conftest.c  >&5
configure:3456: $? = 0
configure:3462: ./conftest.exe
configure:3465: $? = 0
configure:3482: result: yes
configure:3506: checking for sys/types.h
configure:3527: gcc -c -g -O2  conftest.c >&5
configure:3533: $? = 0
configure:3549: result: yes
configure:3506: checking for sys/stat.h
configure:3527: gcc -c -g -O2  conftest.c >&5
configure:3533: $? = 0
configure:3549: result: yes
configure:3506: checking for stdlib.h
configure:3527: gcc -c -g -O2  conftest.c >&5
configure:3533: $? = 0
configure:3549: result: yes
configure:3506: checking for string.h
configure:3527: gcc -c -g -O2  conftest.c >&5
configure:3533: $? = 0
configure:3549: result: yes
configure:3506: checking for memory.h
configure:3527: gcc -c -g -O2  conftest.c >&5
configure:3533: $? = 0
configure:3549: result: yes
configure:3506: checking for strings.h
configure:3527: gcc -c -g -O2  conftest.c >&5
configure:3533: $? = 0
configure:3549: result: yes
configure:3506: checking for inttypes.h
configure:3527: gcc -c -g -O2  conftest.c >&5
configure:3533: $? = 0
configure:3549: result: yes
configure:3506: checking for stdint.h
configure:3527: gcc -c -g -O2  conftest.c >&5
configure:3533: $? = 0
configure:3549: result: yes
configure:3506: checking for unistd.h
configure:3527: gcc -c -g -O2  conftest.c >&5
configure:3533: $? = 0
configure:3549: result: yes
configure:3561: checking whether byte ordering is bigendian
configure:3594: gcc -c -g -O2  conftest.c >&5
configure:3600: $? = 0
configure:3632: gcc -c -g -O2  conftest.c >&5
conftest.c: In function `main':
conftest.c:25: error: `not' undeclared (first use in this function)
conftest.c:25: error: (Each undeclared identifier is reported only once
conftest.c:25: error: for each function it appears in.)
conftest.c:25: error: parse error before "big"
configure:3638: $? = 1
configure: failed program was:
| /* confdefs.h.  */
| #define PACKAGE_NAME "tokyocabinet"
| #define PACKAGE_TARNAME "tokyocabinet"
| #define PACKAGE_VERSION "1.4.26"
| #define PACKAGE_STRING "tokyocabinet 1.4.26"
| #define PACKAGE_BUGREPORT ""
| #define STDC_HEADERS 1
| #define HAVE_SYS_TYPES_H 1
| #define HAVE_SYS_STAT_H 1
| #define HAVE_STDLIB_H 1
| #define HAVE_STRING_H 1
| #define HAVE_MEMORY_H 1
| #define HAVE_STRINGS_H 1
| #define HAVE_INTTYPES_H 1
| #define HAVE_STDINT_H 1
| #define HAVE_UNISTD_H 1
| /* end confdefs.h.  */
| #include <sys/types.h>
| #include <sys/param.h>
| 
| int
| main ()
| {
| #if BYTE_ORDER != BIG_ENDIAN
|  not big endian
| #endif
| 
|   ;
|   return 0;
| }
configure:3778: result: no
configure:3796: checking for main in -lc
configure:3825: gcc -o conftest.exe -g -O2   conftest.c -lc   >&5
configure:3831: $? = 0
configure:3849: result: yes
configure:3861: checking for main in -lm
configure:3890: gcc -o conftest.exe -g -O2   conftest.c -lm  -lc  >&5
configure:3896: $? = 0
configure:3914: result: yes
configure:3928: checking for main in -lpthread
configure:3957: gcc -o conftest.exe -g -O2   conftest.c -lpthread  -lm -lc  >&5
configure:3963: $? = 0
configure:3981: result: yes
configure:3993: checking for main in -lrt
configure:4022: gcc -o conftest.exe -g -O2   conftest.c -lrt  -lpthread -lm -lc  >&5
/usr/lib/gcc/i686-pc-cygwin/3.4.4/../../../../i686-pc-cygwin/bin/ld: cannot find -lrt
collect2: ld returned 1 exit status
configure:4028: $? = 1
configure: failed program was:
| /* confdefs.h.  */
| #define PACKAGE_NAME "tokyocabinet"
| #define PACKAGE_TARNAME "tokyocabinet"
| #define PACKAGE_VERSION "1.4.26"
| #define PACKAGE_STRING "tokyocabinet 1.4.26"
| #define PACKAGE_BUGREPORT ""
| #define STDC_HEADERS 1
| #define HAVE_SYS_TYPES_H 1
| #define HAVE_SYS_STAT_H 1
| #define HAVE_STDLIB_H 1
| #define HAVE_STRING_H 1
| #define HAVE_MEMORY_H 1
| #define HAVE_STRINGS_H 1
| #define HAVE_INTTYPES_H 1
| #define HAVE_STDINT_H 1
| #define HAVE_UNISTD_H 1
| #define HAVE_LIBC 1
| #define HAVE_LIBM 1
| #define HAVE_LIBPTHREAD 1
| /* end confdefs.h.  */
| 
| 
| int
| main ()
| {
| return main ();
|   ;
|   return 0;
| }
configure:4046: result: no
configure:4061: checking for main in -lz
configure:4090: gcc -o conftest.exe -g -O2   conftest.c -lz  -lpthread -lm -lc  >&5
configure:4096: $? = 0
configure:4114: result: yes
configure:4129: checking for main in -lbz2
configure:4158: gcc -o conftest.exe -g -O2   conftest.c -lbz2  -lz -lpthread -lm -lc  >&5
configure:4164: $? = 0
configure:4182: result: yes
configure:4330: checking for main in -ltokyocabinet
configure:4359: gcc -o conftest.exe -g -O2   conftest.c -ltokyocabinet  -lbz2 -lz -lpthread -lm -lc  >&5
/usr/lib/gcc/i686-pc-cygwin/3.4.4/../../../../i686-pc-cygwin/bin/ld: cannot find -ltokyocabinet
collect2: ld returned 1 exit status
configure:4365: $? = 1
configure: failed program was:
| /* confdefs.h.  */
| #define PACKAGE_NAME "tokyocabinet"
| #define PACKAGE_TARNAME "tokyocabinet"
| #define PACKAGE_VERSION "1.4.26"
| #define PACKAGE_STRING "tokyocabinet 1.4.26"
| #define PACKAGE_BUGREPORT ""
| #define STDC_HEADERS 1
| #define HAVE_SYS_TYPES_H 1
| #define HAVE_SYS_STAT_H 1
| #define HAVE_STDLIB_H 1
| #define HAVE_STRING_H 1
| #define HAVE_MEMORY_H 1
| #define HAVE_STRINGS_H 1
| #define HAVE_INTTYPES_H 1
| #define HAVE_STDINT_H 1
| #define HAVE_UNISTD_H 1
| #define HAVE_LIBC 1
| #define HAVE_LIBM 1
| #define HAVE_LIBPTHREAD 1
| #define HAVE_LIBZ 1
| #define HAVE_LIBBZ2 1
| /* end confdefs.h.  */
| 
| 
| int
| main ()
| {
| return main ();
|   ;
|   return 0;
| }
configure:4383: result: no
configure:4393: checking for stdlib.h
configure:4398: result: yes
configure:4527: checking for stdint.h
configure:4532: result: yes
configure:4661: checking for unistd.h
configure:4666: result: yes
configure:4804: checking dirent.h usability
configure:4821: gcc -c -g -O2  conftest.c >&5
configure:4827: $? = 0
configure:4841: result: yes
configure:4845: checking dirent.h presence
configure:4860: gcc -E  conftest.c
configure:4866: $? = 0
configure:4880: result: yes
configure:4908: checking for dirent.h
configure:4915: result: yes
configure:4938: checking regex.h usability
configure:4955: gcc -c -g -O2  conftest.c >&5
configure:4961: $? = 0
configure:4975: result: yes
configure:4979: checking regex.h presence
configure:4994: gcc -E  conftest.c
configure:5000: $? = 0
configure:5014: result: yes
configure:5042: checking for regex.h
configure:5049: result: yes
configure:5072: checking glob.h usability
configure:5089: gcc -c -g -O2  conftest.c >&5
configure:5095: $? = 0
configure:5109: result: yes
configure:5113: checking glob.h presence
configure:5128: gcc -E  conftest.c
configure:5134: $? = 0
configure:5148: result: yes
configure:5176: checking for glob.h
configure:5183: result: yes
configure:5208: checking pthread.h usability
configure:5225: gcc -c -g -O2  conftest.c >&5
configure:5231: $? = 0
configure:5245: result: yes
configure:5249: checking pthread.h presence
configure:5264: gcc -E  conftest.c
configure:5270: $? = 0
configure:5284: result: yes
configure:5312: checking for pthread.h
configure:5319: result: yes
configure:5345: checking zlib.h usability
configure:5362: gcc -c -g -O2  conftest.c >&5
configure:5368: $? = 0
configure:5382: result: yes
configure:5386: checking zlib.h presence
configure:5401: gcc -E  conftest.c
configure:5407: $? = 0
configure:5421: result: yes
configure:5449: checking for zlib.h
configure:5456: result: yes
configure:5482: checking bzlib.h usability
configure:5499: gcc -c -g -O2  conftest.c >&5
configure:5505: $? = 0
configure:5519: result: yes
configure:5523: checking bzlib.h presence
configure:5538: gcc -E  conftest.c
configure:5544: $? = 0
configure:5558: result: yes
configure:5586: checking for bzlib.h
configure:5593: result: yes
configure:6058: creating ./config.status

## ---------------------- ##
## Running config.status. ##
## ---------------------- ##

This file was extended by tokyocabinet config.status 1.4.26, which was
generated by GNU Autoconf 2.61.  Invocation command line was

  CONFIG_FILES    = 
  CONFIG_HEADERS  = 
  CONFIG_LINKS    = 
  CONFIG_COMMANDS = 
  $ ./config.status 

on Dagron

config.status:594: creating Makefile
config.status:594: creating tokyocabinet.pc

## ---------------- ##
## Cache variables. ##
## ---------------- ##

ac_cv_c_bigendian=no
ac_cv_c_compiler_gnu=yes
ac_cv_env_CC_set=
ac_cv_env_CC_value=
ac_cv_env_CFLAGS_set=
ac_cv_env_CFLAGS_value=
ac_cv_env_CPPFLAGS_set=
ac_cv_env_CPPFLAGS_value=
ac_cv_env_CPP_set=
ac_cv_env_CPP_value=
ac_cv_env_LDFLAGS_set=
ac_cv_env_LDFLAGS_value=
ac_cv_env_LIBS_set=
ac_cv_env_LIBS_value=
ac_cv_env_build_alias_set=
ac_cv_env_build_alias_value=
ac_cv_env_host_alias_set=
ac_cv_env_host_alias_value=
ac_cv_env_target_alias_set=
ac_cv_env_target_alias_value=
ac_cv_exeext=.exe
ac_cv_header_bzlib_h=yes
ac_cv_header_dirent_h=yes
ac_cv_header_glob_h=yes
ac_cv_header_inttypes_h=yes
ac_cv_header_memory_h=yes
ac_cv_header_pthread_h=yes
ac_cv_header_regex_h=yes
ac_cv_header_stdc=yes
ac_cv_header_stdint_h=yes
ac_cv_header_stdlib_h=yes
ac_cv_header_string_h=yes
ac_cv_header_strings_h=yes
ac_cv_header_sys_stat_h=yes
ac_cv_header_sys_types_h=yes
ac_cv_header_unistd_h=yes
ac_cv_header_zlib_h=yes
ac_cv_lib_bz2_main=yes
ac_cv_lib_c_main=yes
ac_cv_lib_m_main=yes
ac_cv_lib_pthread_main=yes
ac_cv_lib_rt_main=no
ac_cv_lib_tokyocabinet_main=no
ac_cv_lib_z_main=yes
ac_cv_objext=o
ac_cv_path_EGREP='/usr/bin/grep -E'
ac_cv_path_GREP=/usr/bin/grep
ac_cv_prog_CPP='gcc -E'
ac_cv_prog_ac_ct_CC=gcc
ac_cv_prog_cc_c89=
ac_cv_prog_cc_g=yes

## ----------------- ##
## Output variables. ##
## ----------------- ##

CC='gcc'
CFLAGS='-g -O2'
CPP='gcc -E'
CPPFLAGS=''
DEFS='-DPACKAGE_NAME=\"tokyocabinet\" -DPACKAGE_TARNAME=\"tokyocabinet\" -DPACKAGE_VERSION=\"1.4.26\" -DPACKAGE_STRING=\"tokyocabinet\ 1.4.26\" -DPACKAGE_BUGREPORT=\"\" -DSTDC_HEADERS=1 -DHAVE_SYS_TYPES_H=1 -DHAVE_SYS_STAT_H=1 -DHAVE_STDLIB_H=1 -DHAVE_STRING_H=1 -DHAVE_MEMORY_H=1 -DHAVE_STRINGS_H=1 -DHAVE_INTTYPES_H=1 -DHAVE_STDINT_H=1 -DHAVE_UNISTD_H=1 -DHAVE_LIBC=1 -DHAVE_LIBM=1 -DHAVE_LIBPTHREAD=1 -DHAVE_LIBZ=1 -DHAVE_LIBBZ2=1'
ECHO_C=''
ECHO_N='-n'
ECHO_T=''
EGREP='/usr/bin/grep -E'
EXEEXT='.exe'
GREP='/usr/bin/grep'
LDFLAGS=''
LIBOBJS=''
LIBS='-lbz2 -lz -lpthread -lm -lc '
LTLIBOBJS=''
MYCFLAGS='-g -O2 -std=c99 -Wall -fPIC -fsigned-char -O2'
MYCGIFILES='tcawmgr.cgi'
MYCMDLDFLAGS=''
MYCOMMANDFILES='tcutest tcumttest tcucodec tchtest tchmttest tchmgr tcbtest tcbmttest tcbmgr tcftest tcfmttest tcfmgr tcttest tctmttest tctmgr tcatest tcamgr'
MYCPPFLAGS='-I. -I$(INCLUDEDIR) -I/home/Balint Seeber/include -I/usr/local/include -DNDEBUG -D_GNU_SOURCE=1 -D_REENTRANT -D__EXTENSIONS__'
MYDOCUMENTFILES='COPYING ChangeLog THANKS doc'
MYFORMATVER='1.0'
MYHEADERFILES='tcutil.h tchdb.h tcbdb.h tcfdb.h tctdb.h tcadb.h'
MYLDFLAGS='-L. -L$(LIBDIR) -L/home/Balint Seeber/lib -L/usr/local/lib'
MYLDLIBPATHENV='LD_LIBRARY_PATH'
MYLIBOBJFILES='tcutil.o tchdb.o tcbdb.o tcfdb.o tctdb.o tcadb.o myconf.o md5.o'
MYLIBRARYFILES='libtokyocabinet.a libtokyocabinet.so.8.17.0 libtokyocabinet.so.8 libtokyocabinet.so'
MYLIBREV='17'
MYLIBVER='8'
MYMAN1FILES='tcutest.1 tcumttest.1 tcucodec.1 tchtest.1 tchmttest.1 tchmgr.1 tcbtest.1 tcbmttest.1 tcbmgr.1 tcftest.1 tcfmttest.1 tcfmgr.1 tcttest.1 tctmttest.1 tctmgr.1 tcatest.1 tcamgr.1'
MYMAN3FILES='tokyocabinet.3 tcutil.3 tcxstr.3 tclist.3 tcmap.3 tctree.3 tcmdb.3 tcmpool.3 tchdb.3 tcbdb.3 tcfdb.3 tctdb.3 tcadb.3'
MYPCFILES='tokyocabinet.pc'
MYPOSTCMD='true'
MYRUNPATH='$(LIBDIR)'
OBJEXT='o'
PACKAGE_BUGREPORT=''
PACKAGE_NAME='tokyocabinet'
PACKAGE_STRING='tokyocabinet 1.4.26'
PACKAGE_TARNAME='tokyocabinet'
PACKAGE_VERSION='1.4.26'
PATH_SEPARATOR=':'
SHELL='/bin/sh'
ac_ct_CC='gcc'
bindir='${exec_prefix}/bin'
build_alias=''
datadir='${datarootdir}'
datarootdir='${prefix}/share'
docdir='${datarootdir}/doc/${PACKAGE_TARNAME}'
dvidir='${docdir}'
exec_prefix='${prefix}'
host_alias=''
htmldir='${docdir}'
includedir='${prefix}/include'
infodir='${datarootdir}/info'
libdir='${exec_prefix}/lib'
libexecdir='${exec_prefix}/libexec'
localedir='${datarootdir}/locale'
localstatedir='${prefix}/var'
mandir='${datarootdir}/man'
oldincludedir='/usr/include'
pdfdir='${docdir}'
prefix='/usr/local'
program_transform_name='s,x,x,'
psdir='${docdir}'
sbindir='${exec_prefix}/sbin'
sharedstatedir='${prefix}/com'
sysconfdir='${prefix}/etc'
target_alias=''

## ----------- ##
## confdefs.h. ##
## ----------- ##

#define PACKAGE_NAME "tokyocabinet"
#define PACKAGE_TARNAME "tokyocabinet"
#define PACKAGE_VERSION "1.4.26"
#define PACKAGE_STRING "tokyocabinet 1.4.26"
#define PACKAGE_BUGREPORT ""
#define STDC_HEADERS 1
#define HAVE_SYS_TYPES_H 1
#define HAVE_SYS_STAT_H 1
#define HAVE_STDLIB_H 1
#define HAVE_STRING_H 1
#define HAVE_MEMORY_H 1
#define HAVE_STRINGS_H 1
#define HAVE_INTTYPES_H 1
#define HAVE_STDINT_H 1
#define HAVE_UNISTD_H 1
#define HAVE_LIBC 1
#define HAVE_LIBM 1
#define HAVE_LIBPTHREAD 1
#define HAVE_LIBZ 1
#define HAVE_LIBBZ2 1

configure: exit 0
