This file contains any messages produced by compilers while
running configure, to aid debugging if configure makes a mistake.

It was created by tokyotyrant configure 1.1.28, which was
generated by GNU Autoconf 2.63.  Invocation command line was

  $ ./configure 

## --------- ##
## Platform. ##
## --------- ##

hostname = Dagron
uname -m = i686
uname -r = 1.5.25(0.156/4/2)
uname -s = CYGWIN_NT-6.0
uname -v = 2008-06-12 19:34

/usr/bin/uname -p = unknown
/bin/uname -X     = unknown

/bin/arch              = i686
/usr/bin/arch -k       = unknown
/usr/convex/getsysinfo = unknown
/usr/bin/hostinfo      = unknown
/bin/machine           = unknown
/usr/bin/oslevel       = unknown
/bin/universe          = unknown

PATH: /usr/local/bin
PATH: /usr/bin
PATH: /bin
PATH: /usr/X11R6/bin
PATH: /cygdrive/c/Users/Balint Seeber/Documents/Visual Studio 2005/Projects/_SDK/DirectX/Utilities/Bin/x86
PATH: /cygdrive/c/Windows/system32
PATH: /cygdrive/c/Windows
PATH: /cygdrive/c/Windows/System32/Wbem
PATH: /cygdrive/c/Users/Balint Seeber/Documents/Visual Studio 2005/Projects/_SDK/Cg/bin
PATH: /cygdrive/c/Program Files/Programming/CVSNT
PATH: /cygdrive/c/Program Files/Programming/TortoiseSVN/bin
PATH: /cygdrive/c/Windows/System32/WindowsPowerShell/v1.0/
PATH: /cygdrive/c/Program Files/QuickTime/QTSystem/
PATH: /usr/bin
PATH: /cygdrive/c/Users/Balint Seeber/Documents/Visual Studio 2005/Projects/_SDK/Cg/bin
PATH: /cygdrive/c/Users/Balint Seeber/Documents/Visual Studio 2005/Projects/TehLib/dll
PATH: /cygdrive/c/Users/Balint Seeber/Documents/Visual Studio 2005/Projects/_SDK/OpenCV/bin
PATH: /cygdrive/c/Users/Balint Seeber/Documents/Visual Studio 2005/Projects/_SDK/ODE/trunk/lib/debugdll
PATH: /cygdrive/c/Users/Balint Seeber/Documents/Visual Studio 2005/Projects/_SDK/ODE/trunk/lib/releasedll
PATH: /cygdrive/c/Users/Balint Seeber/Documents/Visual Studio 2005/Projects/_SDK/libpthread/lib
PATH: /cygdrive/c/Program Files/Programming/GnuWin32/bin
PATH: /cygdrive/c/Users/Balint Seeber/Documents/Visual Studio 2005/Projects/_SDK/zlib
PATH: /cygdrive/c/Program Files/Programming/FSharp/bin
PATH: /cygdrive/c/Users/Balint Seeber/Documents/Visual Studio 2005/Projects/_SDK/fftw


## ----------- ##
## Core tests. ##
## ----------- ##

configure:2086: checking for gcc
configure:2102: found /usr/bin/gcc
configure:2113: result: gcc
configure:2345: checking for C compiler version
configure:2353: gcc --version >&5
gcc (GCC) 3.4.4 (cygming special, gdc 0.12, using dmd 0.125)
Copyright (C) 2004 Free Software Foundation, Inc.
This is free software; see the source for copying conditions.  There is NO
warranty; not even for MERCHANTABILITY or FITNESS FOR A PARTICULAR PURPOSE.

configure:2357: $? = 0
configure:2364: gcc -v >&5
Reading specs from /usr/lib/gcc/i686-pc-cygwin/3.4.4/specs
Configured with: /managed/gcc-build/final-v3-bootstrap/gcc-3.4.4-999/configure --verbose --program-suffix=-3 --prefix=/usr --exec-prefix=/usr --sysconfdir=/etc --libdir=/usr/lib --libexecdir=/usr/lib --mandir=/usr/share/man --infodir=/usr/share/info --enable-languages=c,ada,c++,d,f77,pascal,java,objc --enable-nls --without-included-gettext --enable-version-specific-runtime-libs --without-x --enable-libgcj --disable-java-awt --with-system-zlib --enable-interpreter --disable-libgcj-debug --enable-threads=posix --enable-java-gc=boehm --disable-win32-registry --enable-sjlj-exceptions --enable-hash-synchronization --enable-libstdcxx-debug
Thread model: posix
gcc version 3.4.4 (cygming special, gdc 0.12, using dmd 0.125)
configure:2368: $? = 0
configure:2375: gcc -V >&5
gcc: `-V' option must have argument
configure:2379: $? = 1
configure:2402: checking for C compiler default output file name
configure:2424: gcc    conftest.c  >&5
configure:2428: $? = 0
configure:2466: result: a.exe
configure:2485: checking whether the C compiler works
configure:2495: ./a.exe
configure:2499: $? = 0
configure:2518: result: yes
configure:2525: checking whether we are cross compiling
configure:2527: result: no
configure:2530: checking for suffix of executables
configure:2537: gcc -o conftest.exe    conftest.c  >&5
configure:2541: $? = 0
configure:2567: result: .exe
configure:2573: checking for suffix of object files
configure:2599: gcc -c   conftest.c >&5
configure:2603: $? = 0
configure:2628: result: o
configure:2632: checking whether we are using the GNU C compiler
configure:2661: gcc -c   conftest.c >&5
configure:2668: $? = 0
configure:2685: result: yes
configure:2694: checking whether gcc accepts -g
configure:2724: gcc -c -g  conftest.c >&5
configure:2731: $? = 0
configure:2832: result: yes
configure:2849: checking for gcc option to accept ISO C89
configure:2923: gcc  -c -g -O2  conftest.c >&5
configure:2930: $? = 0
configure:2953: result: none needed
configure:2990: checking how to run the C preprocessor
configure:3030: gcc -E  conftest.c
configure:3037: $? = 0
configure:3068: gcc -E  conftest.c
conftest.c:8:28: ac_nonexistent.h: No such file or directory
configure:3075: $? = 1
configure: failed program was:
| /* confdefs.h.  */
| #define PACKAGE_NAME "tokyotyrant"
| #define PACKAGE_TARNAME "tokyotyrant"
| #define PACKAGE_VERSION "1.1.28"
| #define PACKAGE_STRING "tokyotyrant 1.1.28"
| #define PACKAGE_BUGREPORT ""
| /* end confdefs.h.  */
| #include <ac_nonexistent.h>
configure:3108: result: gcc -E
configure:3137: gcc -E  conftest.c
configure:3144: $? = 0
configure:3175: gcc -E  conftest.c
conftest.c:8:28: ac_nonexistent.h: No such file or directory
configure:3182: $? = 1
configure: failed program was:
| /* confdefs.h.  */
| #define PACKAGE_NAME "tokyotyrant"
| #define PACKAGE_TARNAME "tokyotyrant"
| #define PACKAGE_VERSION "1.1.28"
| #define PACKAGE_STRING "tokyotyrant 1.1.28"
| #define PACKAGE_BUGREPORT ""
| /* end confdefs.h.  */
| #include <ac_nonexistent.h>
configure:3222: checking for grep that handles long lines and -e
configure:3282: result: /usr/bin/grep
configure:3287: checking for egrep
configure:3351: result: /usr/bin/grep -E
configure:3356: checking for ANSI C header files
configure:3386: gcc -c -g -O2  conftest.c >&5
configure:3393: $? = 0
configure:3492: gcc -o conftest.exe -g -O2   conftest.c  >&5
configure:3496: $? = 0
configure:3502: ./conftest.exe
configure:3506: $? = 0
configure:3524: result: yes
configure:3548: checking for sys/types.h
configure:3569: gcc -c -g -O2  conftest.c >&5
configure:3576: $? = 0
configure:3593: result: yes
configure:3548: checking for sys/stat.h
configure:3569: gcc -c -g -O2  conftest.c >&5
configure:3576: $? = 0
configure:3593: result: yes
configure:3548: checking for stdlib.h
configure:3569: gcc -c -g -O2  conftest.c >&5
configure:3576: $? = 0
configure:3593: result: yes
configure:3548: checking for string.h
configure:3569: gcc -c -g -O2  conftest.c >&5
configure:3576: $? = 0
configure:3593: result: yes
configure:3548: checking for memory.h
configure:3569: gcc -c -g -O2  conftest.c >&5
configure:3576: $? = 0
configure:3593: result: yes
configure:3548: checking for strings.h
configure:3569: gcc -c -g -O2  conftest.c >&5
configure:3576: $? = 0
configure:3593: result: yes
configure:3548: checking for inttypes.h
configure:3569: gcc -c -g -O2  conftest.c >&5
configure:3576: $? = 0
configure:3593: result: yes
configure:3548: checking for stdint.h
configure:3569: gcc -c -g -O2  conftest.c >&5
configure:3576: $? = 0
configure:3593: result: yes
configure:3548: checking for unistd.h
configure:3569: gcc -c -g -O2  conftest.c >&5
configure:3576: $? = 0
configure:3593: result: yes
configure:3608: checking whether byte ordering is bigendian
configure:3633: gcc -c -g -O2  conftest.c >&5
conftest.c:19: error: parse error before "a"
conftest.c:21: error: syntax error before "typedef"
configure:3640: $? = 1
configure: failed program was:
| /* confdefs.h.  */
| #define PACKAGE_NAME "tokyotyrant"
| #define PACKAGE_TARNAME "tokyotyrant"
| #define PACKAGE_VERSION "1.1.28"
| #define PACKAGE_STRING "tokyotyrant 1.1.28"
| #define PACKAGE_BUGREPORT ""
| #define STDC_HEADERS 1
| #define HAVE_SYS_TYPES_H 1
| #define HAVE_SYS_STAT_H 1
| #define HAVE_STDLIB_H 1
| #define HAVE_STRING_H 1
| #define HAVE_MEMORY_H 1
| #define HAVE_STRINGS_H 1
| #define HAVE_INTTYPES_H 1
| #define HAVE_STDINT_H 1
| #define HAVE_UNISTD_H 1
| /* end confdefs.h.  */
| #ifndef __APPLE_CC__
| 	       not a universal capable compiler
| 	     #endif
| 	     typedef int dummy;
| 
configure:3690: gcc -c -g -O2  conftest.c >&5
configure:3697: $? = 0
configure:3729: gcc -c -g -O2  conftest.c >&5
conftest.c: In function `main':
conftest.c:25: error: `not' undeclared (first use in this function)
conftest.c:25: error: (Each undeclared identifier is reported only once
conftest.c:25: error: for each function it appears in.)
conftest.c:25: error: parse error before "big"
configure:3736: $? = 1
configure: failed program was:
| /* confdefs.h.  */
| #define PACKAGE_NAME "tokyotyrant"
| #define PACKAGE_TARNAME "tokyotyrant"
| #define PACKAGE_VERSION "1.1.28"
| #define PACKAGE_STRING "tokyotyrant 1.1.28"
| #define PACKAGE_BUGREPORT ""
| #define STDC_HEADERS 1
| #define HAVE_SYS_TYPES_H 1
| #define HAVE_SYS_STAT_H 1
| #define HAVE_STDLIB_H 1
| #define HAVE_STRING_H 1
| #define HAVE_MEMORY_H 1
| #define HAVE_STRINGS_H 1
| #define HAVE_INTTYPES_H 1
| #define HAVE_STDINT_H 1
| #define HAVE_UNISTD_H 1
| /* end confdefs.h.  */
| #include <sys/types.h>
| 		#include <sys/param.h>
| 
| int
| main ()
| {
| #if BYTE_ORDER != BIG_ENDIAN
| 		 not big endian
| 		#endif
| 
|   ;
|   return 0;
| }
configure:3988: result: no
configure:4013: checking for main in -lc
configure:4042: gcc -o conftest.exe -g -O2   conftest.c -lc   >&5
configure:4049: $? = 0
configure:4070: result: yes
configure:4082: checking for main in -lm
configure:4111: gcc -o conftest.exe -g -O2   conftest.c -lm  -lc  >&5
configure:4118: $? = 0
configure:4139: result: yes
configure:4151: checking for main in -lpthread
configure:4180: gcc -o conftest.exe -g -O2   conftest.c -lpthread  -lm -lc  >&5
configure:4187: $? = 0
configure:4208: result: yes
configure:4220: checking for main in -lrt
configure:4249: gcc -o conftest.exe -g -O2   conftest.c -lrt  -lpthread -lm -lc  >&5
/usr/lib/gcc/i686-pc-cygwin/3.4.4/../../../../i686-pc-cygwin/bin/ld: cannot find -lrt
collect2: ld returned 1 exit status
configure:4256: $? = 1
configure: failed program was:
| /* confdefs.h.  */
| #define PACKAGE_NAME "tokyotyrant"
| #define PACKAGE_TARNAME "tokyotyrant"
| #define PACKAGE_VERSION "1.1.28"
| #define PACKAGE_STRING "tokyotyrant 1.1.28"
| #define PACKAGE_BUGREPORT ""
| #define STDC_HEADERS 1
| #define HAVE_SYS_TYPES_H 1
| #define HAVE_SYS_STAT_H 1
| #define HAVE_STDLIB_H 1
| #define HAVE_STRING_H 1
| #define HAVE_MEMORY_H 1
| #define HAVE_STRINGS_H 1
| #define HAVE_INTTYPES_H 1
| #define HAVE_STDINT_H 1
| #define HAVE_UNISTD_H 1
| #define HAVE_LIBC 1
| #define HAVE_LIBM 1
| #define HAVE_LIBPTHREAD 1
| /* end confdefs.h.  */
| 
| 
| int
| main ()
| {
| return main ();
|   ;
|   return 0;
| }
configure:4277: result: no
configure:4289: checking for main in -ldl
configure:4318: gcc -o conftest.exe -g -O2   conftest.c -ldl  -lpthread -lm -lc  >&5
configure:4325: $? = 0
configure:4346: result: yes
configure:4358: checking for main in -lnsl
configure:4387: gcc -o conftest.exe -g -O2   conftest.c -lnsl  -ldl -lpthread -lm -lc  >&5
/usr/lib/gcc/i686-pc-cygwin/3.4.4/../../../../i686-pc-cygwin/bin/ld: cannot find -lnsl
collect2: ld returned 1 exit status
configure:4394: $? = 1
configure: failed program was:
| /* confdefs.h.  */
| #define PACKAGE_NAME "tokyotyrant"
| #define PACKAGE_TARNAME "tokyotyrant"
| #define PACKAGE_VERSION "1.1.28"
| #define PACKAGE_STRING "tokyotyrant 1.1.28"
| #define PACKAGE_BUGREPORT ""
| #define STDC_HEADERS 1
| #define HAVE_SYS_TYPES_H 1
| #define HAVE_SYS_STAT_H 1
| #define HAVE_STDLIB_H 1
| #define HAVE_STRING_H 1
| #define HAVE_MEMORY_H 1
| #define HAVE_STRINGS_H 1
| #define HAVE_INTTYPES_H 1
| #define HAVE_STDINT_H 1
| #define HAVE_UNISTD_H 1
| #define HAVE_LIBC 1
| #define HAVE_LIBM 1
| #define HAVE_LIBPTHREAD 1
| #define HAVE_LIBDL 1
| /* end confdefs.h.  */
| 
| 
| int
| main ()
| {
| return main ();
|   ;
|   return 0;
| }
configure:4415: result: no
configure:4427: checking for main in -lsocket
configure:4456: gcc -o conftest.exe -g -O2   conftest.c -lsocket  -ldl -lpthread -lm -lc  >&5
/usr/lib/gcc/i686-pc-cygwin/3.4.4/../../../../i686-pc-cygwin/bin/ld: cannot find -lsocket
collect2: ld returned 1 exit status
configure:4463: $? = 1
configure: failed program was:
| /* confdefs.h.  */
| #define PACKAGE_NAME "tokyotyrant"
| #define PACKAGE_TARNAME "tokyotyrant"
| #define PACKAGE_VERSION "1.1.28"
| #define PACKAGE_STRING "tokyotyrant 1.1.28"
| #define PACKAGE_BUGREPORT ""
| #define STDC_HEADERS 1
| #define HAVE_SYS_TYPES_H 1
| #define HAVE_SYS_STAT_H 1
| #define HAVE_STDLIB_H 1
| #define HAVE_STRING_H 1
| #define HAVE_MEMORY_H 1
| #define HAVE_STRINGS_H 1
| #define HAVE_INTTYPES_H 1
| #define HAVE_STDINT_H 1
| #define HAVE_UNISTD_H 1
| #define HAVE_LIBC 1
| #define HAVE_LIBM 1
| #define HAVE_LIBPTHREAD 1
| #define HAVE_LIBDL 1
| /* end confdefs.h.  */
| 
| 
| int
| main ()
| {
| return main ();
|   ;
|   return 0;
| }
configure:4484: result: no
configure:4496: checking for main in -lresolv
configure:4525: gcc -o conftest.exe -g -O2   conftest.c -lresolv  -ldl -lpthread -lm -lc  >&5
/usr/lib/gcc/i686-pc-cygwin/3.4.4/../../../../i686-pc-cygwin/bin/ld: cannot find -lresolv
collect2: ld returned 1 exit status
configure:4532: $? = 1
configure: failed program was:
| /* confdefs.h.  */
| #define PACKAGE_NAME "tokyotyrant"
| #define PACKAGE_TARNAME "tokyotyrant"
| #define PACKAGE_VERSION "1.1.28"
| #define PACKAGE_STRING "tokyotyrant 1.1.28"
| #define PACKAGE_BUGREPORT ""
| #define STDC_HEADERS 1
| #define HAVE_SYS_TYPES_H 1
| #define HAVE_SYS_STAT_H 1
| #define HAVE_STDLIB_H 1
| #define HAVE_STRING_H 1
| #define HAVE_MEMORY_H 1
| #define HAVE_STRINGS_H 1
| #define HAVE_INTTYPES_H 1
| #define HAVE_STDINT_H 1
| #define HAVE_UNISTD_H 1
| #define HAVE_LIBC 1
| #define HAVE_LIBM 1
| #define HAVE_LIBPTHREAD 1
| #define HAVE_LIBDL 1
| /* end confdefs.h.  */
| 
| 
| int
| main ()
| {
| return main ();
|   ;
|   return 0;
| }
configure:4553: result: no
configure:4565: checking for main in -lz
configure:4594: gcc -o conftest.exe -g -O2   conftest.c -lz  -ldl -lpthread -lm -lc  >&5
configure:4601: $? = 0
configure:4622: result: yes
configure:4634: checking for main in -lbz2
configure:4663: gcc -o conftest.exe -g -O2   conftest.c -lbz2  -lz -ldl -lpthread -lm -lc  >&5
configure:4670: $? = 0
configure:4691: result: yes
configure:4703: checking for main in -ltokyocabinet
configure:4732: gcc -o conftest.exe -g -O2   conftest.c -ltokyocabinet  -lbz2 -lz -ldl -lpthread -lm -lc  >&5
configure:4739: $? = 0
configure:4760: result: yes
configure:4917: checking for main in -ltokyotyrant
configure:4946: gcc -o conftest.exe -g -O2   conftest.c -ltokyotyrant  -ltokyocabinet -lbz2 -lz -ldl -lpthread -lm -lc  >&5
/usr/lib/gcc/i686-pc-cygwin/3.4.4/../../../../i686-pc-cygwin/bin/ld: cannot find -ltokyotyrant
collect2: ld returned 1 exit status
configure:4953: $? = 1
configure: failed program was:
| /* confdefs.h.  */
| #define PACKAGE_NAME "tokyotyrant"
| #define PACKAGE_TARNAME "tokyotyrant"
| #define PACKAGE_VERSION "1.1.28"
| #define PACKAGE_STRING "tokyotyrant 1.1.28"
| #define PACKAGE_BUGREPORT ""
| #define STDC_HEADERS 1
| #define HAVE_SYS_TYPES_H 1
| #define HAVE_SYS_STAT_H 1
| #define HAVE_STDLIB_H 1
| #define HAVE_STRING_H 1
| #define HAVE_MEMORY_H 1
| #define HAVE_STRINGS_H 1
| #define HAVE_INTTYPES_H 1
| #define HAVE_STDINT_H 1
| #define HAVE_UNISTD_H 1
| #define HAVE_LIBC 1
| #define HAVE_LIBM 1
| #define HAVE_LIBPTHREAD 1
| #define HAVE_LIBDL 1
| #define HAVE_LIBZ 1
| #define HAVE_LIBBZ2 1
| #define HAVE_LIBTOKYOCABINET 1
| /* end confdefs.h.  */
| 
| 
| int
| main ()
| {
| return main ();
|   ;
|   return 0;
| }
configure:4974: result: no
configure:4984: checking for stdlib.h
configure:4989: result: yes
configure:5120: checking for stdint.h
configure:5125: result: yes
configure:5256: checking for unistd.h
configure:5261: result: yes
configure:5401: checking pthread.h usability
configure:5418: gcc -c -g -O2  conftest.c >&5
configure:5425: $? = 0
configure:5439: result: yes
configure:5443: checking pthread.h presence
configure:5458: gcc -E  conftest.c
configure:5465: $? = 0
configure:5479: result: yes
configure:5507: checking for pthread.h
configure:5514: result: yes
configure:5537: checking tcutil.h usability
configure:5554: gcc -c -g -O2  conftest.c >&5
configure:5561: $? = 0
configure:5575: result: yes
configure:5579: checking tcutil.h presence
configure:5594: gcc -E  conftest.c
configure:5601: $? = 0
configure:5615: result: yes
configure:5643: checking for tcutil.h
configure:5650: result: yes
configure:5994: creating ./config.status

## ---------------------- ##
## Running config.status. ##
## ---------------------- ##

This file was extended by tokyotyrant config.status 1.1.28, which was
generated by GNU Autoconf 2.63.  Invocation command line was

  CONFIG_FILES    = 
  CONFIG_HEADERS  = 
  CONFIG_LINKS    = 
  CONFIG_COMMANDS = 
  $ ./config.status 

on Dagron

config.status:668: creating Makefile
config.status:668: creating tokyotyrant.pc

## ---------------- ##
## Cache variables. ##
## ---------------- ##

ac_cv_c_bigendian=no
ac_cv_c_compiler_gnu=yes
ac_cv_env_CC_set=
ac_cv_env_CC_value=
ac_cv_env_CFLAGS_set=
ac_cv_env_CFLAGS_value=
ac_cv_env_CPPFLAGS_set=
ac_cv_env_CPPFLAGS_value=
ac_cv_env_CPP_set=
ac_cv_env_CPP_value=
ac_cv_env_LDFLAGS_set=
ac_cv_env_LDFLAGS_value=
ac_cv_env_LIBS_set=
ac_cv_env_LIBS_value=
ac_cv_env_build_alias_set=
ac_cv_env_build_alias_value=
ac_cv_env_host_alias_set=
ac_cv_env_host_alias_value=
ac_cv_env_target_alias_set=
ac_cv_env_target_alias_value=
ac_cv_exeext=.exe
ac_cv_header_inttypes_h=yes
ac_cv_header_memory_h=yes
ac_cv_header_pthread_h=yes
ac_cv_header_stdc=yes
ac_cv_header_stdint_h=yes
ac_cv_header_stdlib_h=yes
ac_cv_header_string_h=yes
ac_cv_header_strings_h=yes
ac_cv_header_sys_stat_h=yes
ac_cv_header_sys_types_h=yes
ac_cv_header_tcutil_h=yes
ac_cv_header_unistd_h=yes
ac_cv_lib_bz2_main=yes
ac_cv_lib_c_main=yes
ac_cv_lib_dl_main=yes
ac_cv_lib_m_main=yes
ac_cv_lib_nsl_main=no
ac_cv_lib_pthread_main=yes
ac_cv_lib_resolv_main=no
ac_cv_lib_rt_main=no
ac_cv_lib_socket_main=no
ac_cv_lib_tokyocabinet_main=yes
ac_cv_lib_tokyotyrant_main=no
ac_cv_lib_z_main=yes
ac_cv_objext=o
ac_cv_path_EGREP='/usr/bin/grep -E'
ac_cv_path_GREP=/usr/bin/grep
ac_cv_prog_CPP='gcc -E'
ac_cv_prog_ac_ct_CC=gcc
ac_cv_prog_cc_c89=
ac_cv_prog_cc_g=yes

## ----------------- ##
## Output variables. ##
## ----------------- ##

CC='gcc'
CFLAGS='-g -O2'
CPP='gcc -E'
CPPFLAGS=''
DEFS='-DPACKAGE_NAME=\"tokyotyrant\" -DPACKAGE_TARNAME=\"tokyotyrant\" -DPACKAGE_VERSION=\"1.1.28\" -DPACKAGE_STRING=\"tokyotyrant\ 1.1.28\" -DPACKAGE_BUGREPORT=\"\" -DSTDC_HEADERS=1 -DHAVE_SYS_TYPES_H=1 -DHAVE_SYS_STAT_H=1 -DHAVE_STDLIB_H=1 -DHAVE_STRING_H=1 -DHAVE_MEMORY_H=1 -DHAVE_STRINGS_H=1 -DHAVE_INTTYPES_H=1 -DHAVE_STDINT_H=1 -DHAVE_UNISTD_H=1 -DHAVE_LIBC=1 -DHAVE_LIBM=1 -DHAVE_LIBPTHREAD=1 -DHAVE_LIBDL=1 -DHAVE_LIBZ=1 -DHAVE_LIBBZ2=1 -DHAVE_LIBTOKYOCABINET=1'
ECHO_C=''
ECHO_N='-n'
ECHO_T=''
EGREP='/usr/bin/grep -E'
EXEEXT='.exe'
GREP='/usr/bin/grep'
LDFLAGS=''
LIBOBJS=''
LIBS='-ltokyocabinet -lbz2 -lz -ldl -lpthread -lm -lc '
LTLIBOBJS=''
MYCFLAGS='-g -O2 -std=c99 -Wall -fPIC -fsigned-char -O2'
MYCMDLDFLAGS=''
MYCOMMANDFILES='ttserver ttulmgr ttultest tcrtest tcrmttest tcrmgr'
MYCPPFLAGS='-I. -I$(INCLUDEDIR) -I/home/Balint Seeber/include -I/usr/local/include -DNDEBUG -D_GNU_SOURCE=1 -D_REENTRANT -D__EXTENSIONS__'
MYDOCUMENTFILES='COPYING ChangeLog THANKS doc'
MYHEADERFILES='ttutil.h tculog.h tcrdb.h'
MYINITFILES='ttservctl'
MYLDFLAGS='-L. -L$(LIBDIR) -L/home/Balint Seeber/lib -L/usr/local/lib'
MYLDLIBPATHENV='LD_LIBRARY_PATH'
MYLIBOBJFILES='ttutil.o tculog.o tcrdb.o myconf.o'
MYLIBRARYFILES='libtokyotyrant.a libtokyotyrant.so.3.11.0 libtokyotyrant.so.3 libtokyotyrant.so ttskelmock.so ttskeldir.so ttskelproxy.so ttskelnull.so'
MYLIBREV='11'
MYLIBVER='3'
MYMAN1FILES='ttserver.1 ttulmgr.1 ttultest.1 tcrtest.1 tcrmttest.1 tcrmgr.1'
MYMAN3FILES='ttutil.3 tculog.3 tcrdb.3'
MYMAN8FILES='ttservctl.8'
MYPCFILES='tokyotyrant.pc'
MYPOSTCMD='true'
MYPROTVER='0.91'
MYRUNPATH='$(LIBDIR)'
MYSCREXTFILES='ext'
OBJEXT='o'
PACKAGE_BUGREPORT=''
PACKAGE_NAME='tokyotyrant'
PACKAGE_STRING='tokyotyrant 1.1.28'
PACKAGE_TARNAME='tokyotyrant'
PACKAGE_VERSION='1.1.28'
PATH_SEPARATOR=':'
SHELL='/bin/sh'
ac_ct_CC='gcc'
bindir='${exec_prefix}/bin'
build_alias=''
datadir='${datarootdir}'
datarootdir='${prefix}/share'
docdir='${datarootdir}/doc/${PACKAGE_TARNAME}'
dvidir='${docdir}'
exec_prefix='${prefix}'
host_alias=''
htmldir='${docdir}'
includedir='${prefix}/include'
infodir='${datarootdir}/info'
libdir='${exec_prefix}/lib'
libexecdir='${exec_prefix}/libexec'
localedir='${datarootdir}/locale'
localstatedir='${prefix}/var'
mandir='${datarootdir}/man'
oldincludedir='/usr/include'
pdfdir='${docdir}'
prefix='/usr/local'
program_transform_name='s,x,x,'
psdir='${docdir}'
sbindir='${exec_prefix}/sbin'
sharedstatedir='${prefix}/com'
sysconfdir='${prefix}/etc'
target_alias=''

## ----------- ##
## confdefs.h. ##
## ----------- ##

#define PACKAGE_NAME "tokyotyrant"
#define PACKAGE_TARNAME "tokyotyrant"
#define PACKAGE_VERSION "1.1.28"
#define PACKAGE_STRING "tokyotyrant 1.1.28"
#define PACKAGE_BUGREPORT ""
#define STDC_HEADERS 1
#define HAVE_SYS_TYPES_H 1
#define HAVE_SYS_STAT_H 1
#define HAVE_STDLIB_H 1
#define HAVE_STRING_H 1
#define HAVE_MEMORY_H 1
#define HAVE_STRINGS_H 1
#define HAVE_INTTYPES_H 1
#define HAVE_STDINT_H 1
#define HAVE_UNISTD_H 1
#define HAVE_LIBC 1
#define HAVE_LIBM 1
#define HAVE_LIBPTHREAD 1
#define HAVE_LIBDL 1
#define HAVE_LIBZ 1
#define HAVE_LIBBZ2 1
#define HAVE_LIBTOKYOCABINET 1

configure: exit 0
