This file contains any messages produced by compilers while
running configure, to aid debugging if configure makes a mistake.

It was created by configure, which was
generated by GNU Autoconf 2.59.  Invocation command line was

  $ ./configure 

## --------- ##
## Platform. ##
## --------- ##

hostname = Dagron
uname -m = i686
uname -r = 1.5.25(0.156/4/2)
uname -s = CYGWIN_NT-6.0
uname -v = 2008-06-12 19:34

/usr/bin/uname -p = unknown
/bin/uname -X     = unknown

/bin/arch              = i686
/usr/bin/arch -k       = unknown
/usr/convex/getsysinfo = unknown
hostinfo               = unknown
/bin/machine           = unknown
/usr/bin/oslevel       = unknown
/bin/universe          = unknown

PATH: /usr/local/bin
PATH: /usr/bin
PATH: /bin
PATH: /usr/X11R6/bin
PATH: /cygdrive/c/Users/Balint Seeber/Documents/Visual Studio 2005/Projects/_SDK/DirectX/Utilities/Bin/x86
PATH: /cygdrive/c/Windows/system32
PATH: /cygdrive/c/Windows
PATH: /cygdrive/c/Windows/System32/Wbem
PATH: /cygdrive/c/Users/Balint Seeber/Documents/Visual Studio 2005/Projects/_SDK/Cg/bin
PATH: /cygdrive/c/Program Files/Programming/CVSNT
PATH: /cygdrive/c/Program Files/Programming/TortoiseSVN/bin
PATH: /cygdrive/c/Windows/System32/WindowsPowerShell/v1.0/
PATH: /cygdrive/c/Program Files/QuickTime/QTSystem/
PATH: /usr/bin
PATH: /cygdrive/c/Users/Balint Seeber/Documents/Visual Studio 2005/Projects/_SDK/Cg/bin
PATH: /cygdrive/c/Users/Balint Seeber/Documents/Visual Studio 2005/Projects/TehLib/dll
PATH: /cygdrive/c/Users/Balint Seeber/Documents/Visual Studio 2005/Projects/_SDK/OpenCV/bin
PATH: /cygdrive/c/Users/Balint Seeber/Documents/Visual Studio 2005/Projects/_SDK/ODE/trunk/lib/debugdll
PATH: /cygdrive/c/Users/Balint Seeber/Documents/Visual Studio 2005/Projects/_SDK/ODE/trunk/lib/releasedll
PATH: /cygdrive/c/Users/Balint Seeber/Documents/Visual Studio 2005/Projects/_SDK/libpthread/lib
PATH: /cygdrive/c/Program Files/Programming/GnuWin32/bin
PATH: /cygdrive/c/Users/Balint Seeber/Documents/Visual Studio 2005/Projects/_SDK/zlib
PATH: /cygdrive/c/Progr


## ----------- ##
## Core tests. ##
## ----------- ##

configure:1290: checking whether make sets $(MAKE)
configure:1310: result: yes
configure:1365: checking for gcc
configure:1381: found /usr/bin/gcc
configure:1391: result: gcc
configure:1635: checking for C compiler version
configure:1638: gcc --version </dev/null >&5
gcc (GCC) 3.4.4 (cygming special, gdc 0.12, using dmd 0.125)
Copyright (C) 2004 Free Software Foundation, Inc.
This is free software; see the source for copying conditions.  There is NO
warranty; not even for MERCHANTABILITY or FITNESS FOR A PARTICULAR PURPOSE.

configure:1641: $? = 0
configure:1643: gcc -v </dev/null >&5
Reading specs from /usr/lib/gcc/i686-pc-cygwin/3.4.4/specs
Configured with: /managed/gcc-build/final-v3-bootstrap/gcc-3.4.4-999/configure --verbose --program-suffix=-3 --prefix=/usr --exec-prefix=/usr --sysconfdir=/etc --libdir=/usr/lib --libexecdir=/usr/lib --mandir=/usr/share/man --infodir=/usr/share/info --enable-languages=c,ada,c++,d,f77,pascal,java,objc --enable-nls --without-included-gettext --enable-version-specific-runtime-libs --without-x --enable-libgcj --disable-java-awt --with-system-zlib --enable-interpreter --disable-libgcj-debug --enable-threads=posix --enable-java-gc=boehm --disable-win32-registry --enable-sjlj-exceptions --enable-hash-synchronization --enable-libstdcxx-debug
Thread model: posix
gcc version 3.4.4 (cygming special, gdc 0.12, using dmd 0.125)
configure:1646: $? = 0
configure:1648: gcc -V </dev/null >&5
gcc: `-V' option must have argument
configure:1651: $? = 1
configure:1674: checking for C compiler default output file name
configure:1677: gcc    conftest.c  >&5
configure:1680: $? = 0
configure:1726: result: a.exe
configure:1731: checking whether the C compiler works
configure:1737: ./a.exe
configure:1740: $? = 0
configure:1757: result: yes
configure:1764: checking whether we are cross compiling
configure:1766: result: no
configure:1769: checking for suffix of executables
configure:1771: gcc -o conftest.exe    conftest.c  >&5
configure:1774: $? = 0
configure:1799: result: .exe
configure:1805: checking for suffix of object files
configure:1826: gcc -c   conftest.c >&5
configure:1829: $? = 0
configure:1851: result: o
configure:1855: checking whether we are using the GNU C compiler
configure:1879: gcc -c   conftest.c >&5
configure:1885: $? = 0
configure:1889: test -z 
			 || test ! -s conftest.err
configure:1892: $? = 0
configure:1895: test -s conftest.o
configure:1898: $? = 0
configure:1911: result: yes
configure:1917: checking whether gcc accepts -g
configure:1938: gcc -c -g  conftest.c >&5
configure:1944: $? = 0
configure:1948: test -z 
			 || test ! -s conftest.err
configure:1951: $? = 0
configure:1954: test -s conftest.o
configure:1957: $? = 0
configure:1968: result: yes
configure:1985: checking for gcc option to accept ANSI C
configure:2055: gcc  -c -g -O2  conftest.c >&5
configure:2061: $? = 0
configure:2065: test -z 
			 || test ! -s conftest.err
configure:2068: $? = 0
configure:2071: test -s conftest.o
configure:2074: $? = 0
configure:2092: result: none needed
configure:2110: gcc -c -g -O2  conftest.c >&5
conftest.c:2: error: parse error before "me"
configure:2116: $? = 1
configure: failed program was:
| #ifndef __cplusplus
|   choke me
| #endif
configure:2250: checking for an ANSI C-conforming const
configure:2317: gcc -c -g -O2  conftest.c >&5
configure:2323: $? = 0
configure:2327: test -z 
			 || test ! -s conftest.err
configure:2330: $? = 0
configure:2333: test -s conftest.o
configure:2336: $? = 0
configure:2347: result: yes
configure:2362: checking how to run the C preprocessor
configure:2397: gcc -E  conftest.c
configure:2403: $? = 0
configure:2435: gcc -E  conftest.c
conftest.c:9:28: ac_nonexistent.h: No such file or directory
configure:2441: $? = 1
configure: failed program was:
| /* confdefs.h.  */
| 
| #define PACKAGE_NAME ""
| #define PACKAGE_TARNAME ""
| #define PACKAGE_VERSION ""
| #define PACKAGE_STRING ""
| #define PACKAGE_BUGREPORT ""
| /* end confdefs.h.  */
| #include <ac_nonexistent.h>
configure:2480: result: gcc -E
configure:2504: gcc -E  conftest.c
configure:2510: $? = 0
configure:2542: gcc -E  conftest.c
conftest.c:9:28: ac_nonexistent.h: No such file or directory
configure:2548: $? = 1
configure: failed program was:
| /* confdefs.h.  */
| 
| #define PACKAGE_NAME ""
| #define PACKAGE_TARNAME ""
| #define PACKAGE_VERSION ""
| #define PACKAGE_STRING ""
| #define PACKAGE_BUGREPORT ""
| /* end confdefs.h.  */
| #include <ac_nonexistent.h>
configure:2592: checking for egrep
configure:2602: result: grep -E
configure:2607: checking for ANSI C header files
configure:2632: gcc -c -g -O2  conftest.c >&5
configure:2638: $? = 0
configure:2642: test -z 
			 || test ! -s conftest.err
configure:2645: $? = 0
configure:2648: test -s conftest.o
configure:2651: $? = 0
configure:2740: gcc -o conftest.exe -g -O2   conftest.c  >&5
configure:2743: $? = 0
configure:2745: ./conftest.exe
configure:2748: $? = 0
configure:2763: result: yes
configure:2787: checking for sys/types.h
configure:2803: gcc -c -g -O2  conftest.c >&5
configure:2809: $? = 0
configure:2813: test -z 
			 || test ! -s conftest.err
configure:2816: $? = 0
configure:2819: test -s conftest.o
configure:2822: $? = 0
configure:2833: result: yes
configure:2787: checking for sys/stat.h
configure:2803: gcc -c -g -O2  conftest.c >&5
configure:2809: $? = 0
configure:2813: test -z 
			 || test ! -s conftest.err
configure:2816: $? = 0
configure:2819: test -s conftest.o
configure:2822: $? = 0
configure:2833: result: yes
configure:2787: checking for stdlib.h
configure:2803: gcc -c -g -O2  conftest.c >&5
configure:2809: $? = 0
configure:2813: test -z 
			 || test ! -s conftest.err
configure:2816: $? = 0
configure:2819: test -s conftest.o
configure:2822: $? = 0
configure:2833: result: yes
configure:2787: checking for string.h
configure:2803: gcc -c -g -O2  conftest.c >&5
configure:2809: $? = 0
configure:2813: test -z 
			 || test ! -s conftest.err
configure:2816: $? = 0
configure:2819: test -s conftest.o
configure:2822: $? = 0
configure:2833: result: yes
configure:2787: checking for memory.h
configure:2803: gcc -c -g -O2  conftest.c >&5
configure:2809: $? = 0
configure:2813: test -z 
			 || test ! -s conftest.err
configure:2816: $? = 0
configure:2819: test -s conftest.o
configure:2822: $? = 0
configure:2833: result: yes
configure:2787: checking for strings.h
configure:2803: gcc -c -g -O2  conftest.c >&5
configure:2809: $? = 0
configure:2813: test -z 
			 || test ! -s conftest.err
configure:2816: $? = 0
configure:2819: test -s conftest.o
configure:2822: $? = 0
configure:2833: result: yes
configure:2787: checking for inttypes.h
configure:2803: gcc -c -g -O2  conftest.c >&5
configure:2809: $? = 0
configure:2813: test -z 
			 || test ! -s conftest.err
configure:2816: $? = 0
configure:2819: test -s conftest.o
configure:2822: $? = 0
configure:2833: result: yes
configure:2787: checking for stdint.h
configure:2803: gcc -c -g -O2  conftest.c >&5
configure:2809: $? = 0
configure:2813: test -z 
			 || test ! -s conftest.err
configure:2816: $? = 0
configure:2819: test -s conftest.o
configure:2822: $? = 0
configure:2833: result: yes
configure:2787: checking for unistd.h
configure:2803: gcc -c -g -O2  conftest.c >&5
configure:2809: $? = 0
configure:2813: test -z 
			 || test ! -s conftest.err
configure:2816: $? = 0
configure:2819: test -s conftest.o
configure:2822: $? = 0
configure:2833: result: yes
configure:2852: checking for string.h
configure:2857: result: yes
configure:2852: checking for memory.h
configure:2857: result: yes
configure:2852: checking for stdlib.h
configure:2857: result: yes
configure:3001: checking for memcpy
configure:3058: gcc -o conftest.exe -g -O2   conftest.c  >&5
conftest.c:46: warning: conflicting types for built-in function 'memcpy'
configure:3064: $? = 0
configure:3068: test -z 
			 || test ! -s conftest.err
configure:3071: $? = 0
configure:3074: test -s conftest.exe
configure:3077: $? = 0
configure:3089: result: yes
configure:3103: checking for memset
configure:3160: gcc -o conftest.exe -g -O2   conftest.c  >&5
conftest.c:47: warning: conflicting types for built-in function 'memset'
configure:3166: $? = 0
configure:3170: test -z 
			 || test ! -s conftest.err
configure:3173: $? = 0
configure:3176: test -s conftest.exe
configure:3179: $? = 0
configure:3191: result: yes
configure:3211: checking for socklen_t
configure:3236: gcc -c -g -O2  conftest.c >&5
configure:3242: $? = 0
configure:3246: test -z 
			 || test ! -s conftest.err
configure:3249: $? = 0
configure:3252: test -s conftest.o
configure:3255: $? = 0
configure:3266: result: yes
configure:3275: checking for sa_family_t
configure:3300: gcc -c -g -O2  conftest.c >&5
configure:3306: $? = 0
configure:3310: test -z 
			 || test ! -s conftest.err
configure:3313: $? = 0
configure:3316: test -s conftest.o
configure:3319: $? = 0
configure:3330: result: yes
configure:3513: checking for in_port_t
configure:3539: gcc -c -g -O2  conftest.c >&5
configure:3545: $? = 0
configure:3549: test -z 
			 || test ! -s conftest.err
configure:3552: $? = 0
configure:3555: test -s conftest.o
configure:3558: $? = 0
configure:3569: result: yes
configure:3756: checking for h_errno declaration in netdb.h
configure:3780: gcc -c -g -O2  conftest.c >&5
configure:3786: $? = 0
configure:3790: test -z 
			 || test ! -s conftest.err
configure:3793: $? = 0
configure:3796: test -s conftest.o
configure:3799: $? = 0
configure:3810: result: yes
configure:3824: checking for getaddrinfo
configure:3881: gcc -o conftest.exe -g -O2   conftest.c  >&5
/cygdrive/c/Users/BALINT~1/AppData/Local/Temp/cconOQlE.o: In function `main':
/home/Balint Seeber/getaddrinfo/conftest.c:65: undefined reference to `_getaddrinfo'
/home/Balint Seeber/getaddrinfo/conftest.c:64: undefined reference to `_getaddrinfo'
collect2: ld returned 1 exit status
configure:3887: $? = 1
configure: failed program was:
| /* confdefs.h.  */
| 
| #define PACKAGE_NAME ""
| #define PACKAGE_TARNAME ""
| #define PACKAGE_VERSION ""
| #define PACKAGE_STRING ""
| #define PACKAGE_BUGREPORT ""
| #define STDC_HEADERS 1
| #define HAVE_SYS_TYPES_H 1
| #define HAVE_SYS_STAT_H 1
| #define HAVE_STDLIB_H 1
| #define HAVE_STRING_H 1
| #define HAVE_MEMORY_H 1
| #define HAVE_STRINGS_H 1
| #define HAVE_INTTYPES_H 1
| #define HAVE_STDINT_H 1
| #define HAVE_UNISTD_H 1
| #define HAVE_STRING_H 1
| #define HAVE_MEMORY_H 1
| #define HAVE_STDLIB_H 1
| #define HAVE_MEMCPY 1
| #define HAVE_MEMSET 1
| #define H_ERRNO_DECLARED 1
| /* end confdefs.h.  */
| /* Define getaddrinfo to an innocuous variant, in case <limits.h> declares getaddrinfo.
|    For example, HP-UX 11i <limits.h> declares gettimeofday.  */
| #define getaddrinfo innocuous_getaddrinfo
| 
| /* System header to define __stub macros and hopefully few prototypes,
|     which can conflict with char getaddrinfo (); below.
|     Prefer <limits.h> to <assert.h> if __STDC__ is defined, since
|     <limits.h> exists even on freestanding compilers.  */
| 
| #ifdef __STDC__
| # include <limits.h>
| #else
| # include <assert.h>
| #endif
| 
| #undef getaddrinfo
| 
| /* Override any gcc2 internal prototype to avoid an error.  */
| #ifdef __cplusplus
| extern "C"
| {
| #endif
| /* We use char because int might match the return type of a gcc2
|    builtin and then its argument prototype would still apply.  */
| char getaddrinfo ();
| /* The GNU C library defines this for functions which it implements
|     to always fail with ENOSYS.  Some functions are actually named
|     something starting with __ and the normal name is an alias.  */
| #if defined (__stub_getaddrinfo) || defined (__stub___getaddrinfo)
| choke me
| #else
| char (*f) () = getaddrinfo;
| #endif
| #ifdef __cplusplus
| }
| #endif
| 
| int
| main ()
| {
| return f != getaddrinfo;
|   ;
|   return 0;
| }
configure:3912: result: no
configure:3824: checking for getnameinfo
configure:3881: gcc -o conftest.exe -g -O2   conftest.c  >&5
/cygdrive/c/Users/BALINT~1/AppData/Local/Temp/ccKTzLLT.o: In function `main':
/home/Balint Seeber/getaddrinfo/conftest.c:65: undefined reference to `_getnameinfo'
/home/Balint Seeber/getaddrinfo/conftest.c:64: undefined reference to `_getnameinfo'
collect2: ld returned 1 exit status
configure:3887: $? = 1
configure: failed program was:
| /* confdefs.h.  */
| 
| #define PACKAGE_NAME ""
| #define PACKAGE_TARNAME ""
| #define PACKAGE_VERSION ""
| #define PACKAGE_STRING ""
| #define PACKAGE_BUGREPORT ""
| #define STDC_HEADERS 1
| #define HAVE_SYS_TYPES_H 1
| #define HAVE_SYS_STAT_H 1
| #define HAVE_STDLIB_H 1
| #define HAVE_STRING_H 1
| #define HAVE_MEMORY_H 1
| #define HAVE_STRINGS_H 1
| #define HAVE_INTTYPES_H 1
| #define HAVE_STDINT_H 1
| #define HAVE_UNISTD_H 1
| #define HAVE_STRING_H 1
| #define HAVE_MEMORY_H 1
| #define HAVE_STDLIB_H 1
| #define HAVE_MEMCPY 1
| #define HAVE_MEMSET 1
| #define H_ERRNO_DECLARED 1
| /* end confdefs.h.  */
| /* Define getnameinfo to an innocuous variant, in case <limits.h> declares getnameinfo.
|    For example, HP-UX 11i <limits.h> declares gettimeofday.  */
| #define getnameinfo innocuous_getnameinfo
| 
| /* System header to define __stub macros and hopefully few prototypes,
|     which can conflict with char getnameinfo (); below.
|     Prefer <limits.h> to <assert.h> if __STDC__ is defined, since
|     <limits.h> exists even on freestanding compilers.  */
| 
| #ifdef __STDC__
| # include <limits.h>
| #else
| # include <assert.h>
| #endif
| 
| #undef getnameinfo
| 
| /* Override any gcc2 internal prototype to avoid an error.  */
| #ifdef __cplusplus
| extern "C"
| {
| #endif
| /* We use char because int might match the return type of a gcc2
|    builtin and then its argument prototype would still apply.  */
| char getnameinfo ();
| /* The GNU C library defines this for functions which it implements
|     to always fail with ENOSYS.  Some functions are actually named
|     something starting with __ and the normal name is an alias.  */
| #if defined (__stub_getnameinfo) || defined (__stub___getnameinfo)
| choke me
| #else
| char (*f) () = getnameinfo;
| #endif
| #ifdef __cplusplus
| }
| #endif
| 
| int
| main ()
| {
| return f != getnameinfo;
|   ;
|   return 0;
| }
configure:3912: result: no
configure:3923: checking for struct in6_addr
configure:3949: gcc -c -g -O2  conftest.c >&5
conftest.c: In function `main':
conftest.c:33: error: storage size of 'address' isn't known
configure:3955: $? = 1
configure: failed program was:
| /* confdefs.h.  */
| 
| #define PACKAGE_NAME ""
| #define PACKAGE_TARNAME ""
| #define PACKAGE_VERSION ""
| #define PACKAGE_STRING ""
| #define PACKAGE_BUGREPORT ""
| #define STDC_HEADERS 1
| #define HAVE_SYS_TYPES_H 1
| #define HAVE_SYS_STAT_H 1
| #define HAVE_STDLIB_H 1
| #define HAVE_STRING_H 1
| #define HAVE_MEMORY_H 1
| #define HAVE_STRINGS_H 1
| #define HAVE_INTTYPES_H 1
| #define HAVE_STDINT_H 1
| #define HAVE_UNISTD_H 1
| #define HAVE_STRING_H 1
| #define HAVE_MEMORY_H 1
| #define HAVE_STDLIB_H 1
| #define HAVE_MEMCPY 1
| #define HAVE_MEMSET 1
| #define H_ERRNO_DECLARED 1
| /* end confdefs.h.  */
| 
| #include <sys/types.h>
| #include <sys/socket.h>
| #include <netinet/in.h>
| int
| main ()
| {
| 
| struct in6_addr address;
| 
|   ;
|   return 0;
| }
configure:3979: result: no
configure:4000: checking for res_query in -lresolv
configure:4030: gcc -o conftest.exe -g -O2   conftest.c -lresolv   >&5
/usr/lib/gcc/i686-pc-cygwin/3.4.4/../../../../i686-pc-cygwin/bin/ld: cannot find -lresolv
collect2: ld returned 1 exit status
configure:4036: $? = 1
configure: failed program was:
| /* confdefs.h.  */
| 
| #define PACKAGE_NAME ""
| #define PACKAGE_TARNAME ""
| #define PACKAGE_VERSION ""
| #define PACKAGE_STRING ""
| #define PACKAGE_BUGREPORT ""
| #define STDC_HEADERS 1
| #define HAVE_SYS_TYPES_H 1
| #define HAVE_SYS_STAT_H 1
| #define HAVE_STDLIB_H 1
| #define HAVE_STRING_H 1
| #define HAVE_MEMORY_H 1
| #define HAVE_STRINGS_H 1
| #define HAVE_INTTYPES_H 1
| #define HAVE_STDINT_H 1
| #define HAVE_UNISTD_H 1
| #define HAVE_STRING_H 1
| #define HAVE_MEMORY_H 1
| #define HAVE_STDLIB_H 1
| #define HAVE_MEMCPY 1
| #define HAVE_MEMSET 1
| #define H_ERRNO_DECLARED 1
| /* end confdefs.h.  */
| 
| /* Override any gcc2 internal prototype to avoid an error.  */
| #ifdef __cplusplus
| extern "C"
| #endif
| /* We use char because int might match the return type of a gcc2
|    builtin and then its argument prototype would still apply.  */
| char res_query ();
| int
| main ()
| {
| res_query ();
|   ;
|   return 0;
| }
configure:4062: result: no
configure:4075: checking for res_query in -lbind
configure:4105: gcc -o conftest.exe -g -O2   conftest.c -lbind   >&5
/usr/lib/gcc/i686-pc-cygwin/3.4.4/../../../../i686-pc-cygwin/bin/ld: cannot find -lbind
collect2: ld returned 1 exit status
configure:4111: $? = 1
configure: failed program was:
| /* confdefs.h.  */
| 
| #define PACKAGE_NAME ""
| #define PACKAGE_TARNAME ""
| #define PACKAGE_VERSION ""
| #define PACKAGE_STRING ""
| #define PACKAGE_BUGREPORT ""
| #define STDC_HEADERS 1
| #define HAVE_SYS_TYPES_H 1
| #define HAVE_SYS_STAT_H 1
| #define HAVE_STDLIB_H 1
| #define HAVE_STRING_H 1
| #define HAVE_MEMORY_H 1
| #define HAVE_STRINGS_H 1
| #define HAVE_INTTYPES_H 1
| #define HAVE_STDINT_H 1
| #define HAVE_UNISTD_H 1
| #define HAVE_STRING_H 1
| #define HAVE_MEMORY_H 1
| #define HAVE_STDLIB_H 1
| #define HAVE_MEMCPY 1
| #define HAVE_MEMSET 1
| #define H_ERRNO_DECLARED 1
| /* end confdefs.h.  */
| 
| /* Override any gcc2 internal prototype to avoid an error.  */
| #ifdef __cplusplus
| extern "C"
| #endif
| /* We use char because int might match the return type of a gcc2
|    builtin and then its argument prototype would still apply.  */
| char res_query ();
| int
| main ()
| {
| res_query ();
|   ;
|   return 0;
| }
configure:4137: result: no
configure:4150: checking for gethostname in -lnsl
configure:4180: gcc -o conftest.exe -g -O2   conftest.c -lnsl   >&5
/usr/lib/gcc/i686-pc-cygwin/3.4.4/../../../../i686-pc-cygwin/bin/ld: cannot find -lnsl
collect2: ld returned 1 exit status
configure:4186: $? = 1
configure: failed program was:
| /* confdefs.h.  */
| 
| #define PACKAGE_NAME ""
| #define PACKAGE_TARNAME ""
| #define PACKAGE_VERSION ""
| #define PACKAGE_STRING ""
| #define PACKAGE_BUGREPORT ""
| #define STDC_HEADERS 1
| #define HAVE_SYS_TYPES_H 1
| #define HAVE_SYS_STAT_H 1
| #define HAVE_STDLIB_H 1
| #define HAVE_STRING_H 1
| #define HAVE_MEMORY_H 1
| #define HAVE_STRINGS_H 1
| #define HAVE_INTTYPES_H 1
| #define HAVE_STDINT_H 1
| #define HAVE_UNISTD_H 1
| #define HAVE_STRING_H 1
| #define HAVE_MEMORY_H 1
| #define HAVE_STDLIB_H 1
| #define HAVE_MEMCPY 1
| #define HAVE_MEMSET 1
| #define H_ERRNO_DECLARED 1
| /* end confdefs.h.  */
| 
| /* Override any gcc2 internal prototype to avoid an error.  */
| #ifdef __cplusplus
| extern "C"
| #endif
| /* We use char because int might match the return type of a gcc2
|    builtin and then its argument prototype would still apply.  */
| char gethostname ();
| int
| main ()
| {
| gethostname ();
|   ;
|   return 0;
| }
configure:4212: result: no
configure:4224: checking for socket in -lsocket
configure:4254: gcc -o conftest.exe -g -O2   conftest.c -lsocket   >&5
/usr/lib/gcc/i686-pc-cygwin/3.4.4/../../../../i686-pc-cygwin/bin/ld: cannot find -lsocket
collect2: ld returned 1 exit status
configure:4260: $? = 1
configure: failed program was:
| /* confdefs.h.  */
| 
| #define PACKAGE_NAME ""
| #define PACKAGE_TARNAME ""
| #define PACKAGE_VERSION ""
| #define PACKAGE_STRING ""
| #define PACKAGE_BUGREPORT ""
| #define STDC_HEADERS 1
| #define HAVE_SYS_TYPES_H 1
| #define HAVE_SYS_STAT_H 1
| #define HAVE_STDLIB_H 1
| #define HAVE_STRING_H 1
| #define HAVE_MEMORY_H 1
| #define HAVE_STRINGS_H 1
| #define HAVE_INTTYPES_H 1
| #define HAVE_STDINT_H 1
| #define HAVE_UNISTD_H 1
| #define HAVE_STRING_H 1
| #define HAVE_MEMORY_H 1
| #define HAVE_STDLIB_H 1
| #define HAVE_MEMCPY 1
| #define HAVE_MEMSET 1
| #define H_ERRNO_DECLARED 1
| /* end confdefs.h.  */
| 
| /* Override any gcc2 internal prototype to avoid an error.  */
| #ifdef __cplusplus
| extern "C"
| #endif
| /* We use char because int might match the return type of a gcc2
|    builtin and then its argument prototype would still apply.  */
| char socket ();
| int
| main ()
| {
| socket ();
|   ;
|   return 0;
| }
configure:4286: result: no
configure:4426: creating ./config.status

## ---------------------- ##
## Running config.status. ##
## ---------------------- ##

This file was extended by config.status, which was
generated by GNU Autoconf 2.59.  Invocation command line was

  CONFIG_FILES    = 
  CONFIG_HEADERS  = 
  CONFIG_LINKS    = 
  CONFIG_COMMANDS = 
  $ ./config.status 

on Dagron

config.status:634: creating Makefile

## ---------------- ##
## Cache variables. ##
## ---------------- ##

ac_cv_c_compiler_gnu=yes
ac_cv_c_const=yes
ac_cv_decl_h_errno=yes
ac_cv_env_CC_set=
ac_cv_env_CC_value=
ac_cv_env_CFLAGS_set=
ac_cv_env_CFLAGS_value=
ac_cv_env_CPPFLAGS_set=
ac_cv_env_CPPFLAGS_value=
ac_cv_env_CPP_set=
ac_cv_env_CPP_value=
ac_cv_env_LDFLAGS_set=
ac_cv_env_LDFLAGS_value=
ac_cv_env_build_alias_set=
ac_cv_env_build_alias_value=
ac_cv_env_host_alias_set=
ac_cv_env_host_alias_value=
ac_cv_env_target_alias_set=
ac_cv_env_target_alias_value=
ac_cv_exeext=.exe
ac_cv_func_getaddrinfo=no
ac_cv_func_getnameinfo=no
ac_cv_func_memcpy=yes
ac_cv_func_memset=yes
ac_cv_header_inttypes_h=yes
ac_cv_header_memory_h=yes
ac_cv_header_stdc=yes
ac_cv_header_stdint_h=yes
ac_cv_header_stdlib_h=yes
ac_cv_header_string_h=yes
ac_cv_header_strings_h=yes
ac_cv_header_sys_stat_h=yes
ac_cv_header_sys_types_h=yes
ac_cv_header_unistd_h=yes
ac_cv_lib_bind_res_query=no
ac_cv_lib_nsl_gethostname=no
ac_cv_lib_resolv_res_query=no
ac_cv_lib_socket_socket=no
ac_cv_objext=o
ac_cv_prog_CPP='gcc -E'
ac_cv_prog_ac_ct_CC=gcc
ac_cv_prog_cc_g=yes
ac_cv_prog_cc_stdc=
ac_cv_prog_egrep='grep -E'
ac_cv_prog_make_make_set=yes
ac_cv_struct_in6_addr=no
ac_cv_type_in_port_t=yes
ac_cv_type_sa_family_t=yes
ac_cv_type_socklen_t=yes

## ----------------- ##
## Output variables. ##
## ----------------- ##

CC='gcc'
CFLAGS='-g -O2'
CPP='gcc -E'
CPPFLAGS=''
DEFS='-DPACKAGE_NAME=\"\" -DPACKAGE_TARNAME=\"\" -DPACKAGE_VERSION=\"\" -DPACKAGE_STRING=\"\" -DPACKAGE_BUGREPORT=\"\" -DSTDC_HEADERS=1 -DHAVE_SYS_TYPES_H=1 -DHAVE_SYS_STAT_H=1 -DHAVE_STDLIB_H=1 -DHAVE_STRING_H=1 -DHAVE_MEMORY_H=1 -DHAVE_STRINGS_H=1 -DHAVE_INTTYPES_H=1 -DHAVE_STDINT_H=1 -DHAVE_UNISTD_H=1 -DHAVE_STRING_H=1 -DHAVE_MEMORY_H=1 -DHAVE_STDLIB_H=1 -DHAVE_MEMCPY=1 -DHAVE_MEMSET=1 -DH_ERRNO_DECLARED=1 '
ECHO_C=''
ECHO_N='-n'
ECHO_T=''
EGREP='grep -E'
EXEEXT='.exe'
LDFLAGS=''
LIBOBJS=' dummyin6$U.o'
LIBS=''
LTLIBOBJS=' dummyin6$U.lo'
OBJEXT='o'
PACKAGE_BUGREPORT=''
PACKAGE_NAME=''
PACKAGE_STRING=''
PACKAGE_TARNAME=''
PACKAGE_VERSION=''
PATH_SEPARATOR=':'
SET_MAKE=''
SHELL='/bin/sh'
ac_ct_CC='gcc'
bindir='${exec_prefix}/bin'
build_alias=''
datadir='${prefix}/share'
exec_prefix='${prefix}'
host_alias=''
includedir='${prefix}/include'
infodir='${prefix}/info'
libdir='${exec_prefix}/lib'
libexecdir='${exec_prefix}/libexec'
localstatedir='${prefix}/var'
mandir='${prefix}/man'
oldincludedir='/usr/include'
prefix='/usr/local'
program_transform_name='s,x,x,'
sbindir='${exec_prefix}/sbin'
sharedstatedir='${prefix}/com'
sysconfdir='${prefix}/etc'
target_alias=''

## ----------- ##
## confdefs.h. ##
## ----------- ##

#define HAVE_INTTYPES_H 1
#define HAVE_MEMCPY 1
#define HAVE_MEMORY_H 1
#define HAVE_MEMORY_H 1
#define HAVE_MEMSET 1
#define HAVE_STDINT_H 1
#define HAVE_STDLIB_H 1
#define HAVE_STDLIB_H 1
#define HAVE_STRINGS_H 1
#define HAVE_STRING_H 1
#define HAVE_STRING_H 1
#define HAVE_SYS_STAT_H 1
#define HAVE_SYS_TYPES_H 1
#define HAVE_UNISTD_H 1
#define H_ERRNO_DECLARED 1
#define PACKAGE_BUGREPORT ""
#define PACKAGE_NAME ""
#define PACKAGE_STRING ""
#define PACKAGE_TARNAME ""
#define PACKAGE_VERSION ""
#define STDC_HEADERS 1

configure: exit 0
